<?xml version="1.0" encoding="UTF-8"?>
<!-- Generated by org.testng.reporters.JUnitXMLReporter -->
<testsuite ignored="0" hostname="amaresh" failures="0" tests="11" name="Test" time="19.785" errors="0" timestamp="2023-08-26T20:03:16 IST">
  <testcase classname="api.test.UserTest" name="createUser" time="3.452"/>
  <testcase classname="api.test.UserTest" name="getUser" time="1.142"/>
  <testcase classname="api.test.UserTest" name="upadteUser" time="2.288"/>
  <testcase classname="api.test.UserTest" name="deleteUser" time="1.17"/>
  <testcase classname="api.test.DataDrivenTesting" name="dataDrivenCreate_User" time="1.112"/>
  <testcase classname="api.test.DataDrivenTesting" name="dataDrivenCreate_User" time="1.215"/>
  <testcase classname="api.test.DataDrivenTesting" name="dataDrivenCreate_User" time="1.15"/>
  <testcase classname="api.test.DataDrivenTesting" name="dataDrivenCreate_User" time="1.198"/>
  <testcase classname="api.test.DataDrivenTesting" name="dataDrivenCreate_User" time="1.102"/>
  <testcase classname="api.test.DataDrivenTesting" name="dataDrivenCreate_User" time="1.106"/>
  <testcase classname="api.test.DataDrivenTesting" name="dataDrivenCreate_User" time="1.229"/>
</testsuite> <!-- Test -->
