<?xml version="1.0" encoding="UTF-8"?>
<!-- Generated by org.testng.reporters.JUnitXMLReporter -->
<testsuite ignored="0" hostname="amaresh" failures="0" tests="11" name="Test" time="19.682" errors="0" timestamp="2023-08-26T11:39:33 IST">
  <testcase classname="api.test.UserTest" name="createUser" time="3.33"/>
  <testcase classname="api.test.UserTest" name="getUser" time="1.188"/>
  <testcase classname="api.test.UserTest" name="upadteUser" time="2.371"/>
  <testcase classname="api.test.UserTest" name="deleteUser" time="1.091"/>
  <testcase classname="api.test.DataDrivenTesting" name="dataDrivenCreate_User" time="1.141"/>
  <testcase classname="api.test.DataDrivenTesting" name="dataDrivenCreate_User" time="1.153"/>
  <testcase classname="api.test.DataDrivenTesting" name="dataDrivenCreate_User" time="1.082"/>
  <testcase classname="api.test.DataDrivenTesting" name="dataDrivenCreate_User" time="1.09"/>
  <testcase classname="api.test.DataDrivenTesting" name="dataDrivenCreate_User" time="1.193"/>
  <testcase classname="api.test.DataDrivenTesting" name="dataDrivenCreate_User" time="1.087"/>
  <testcase classname="api.test.DataDrivenTesting" name="dataDrivenCreate_User" time="1.09"/>
</testsuite> <!-- Test -->
