<?xml version="1.0" encoding="UTF-8"?>
<!-- Generated by org.testng.reporters.JUnitXMLReporter -->
<testsuite ignored="0" hostname="amaresh" failures="0" tests="7" name="Default test" time="20.304" errors="0" timestamp="2023-08-24T19:39:43 IST">
  <testcase classname="api.test.DataDrivenTesting" name="dataDrivenCreate_User" time="6.339"/>
  <testcase classname="api.test.DataDrivenTesting" name="dataDrivenCreate_User" time="3.012"/>
  <testcase classname="api.test.DataDrivenTesting" name="dataDrivenCreate_User" time="3.318"/>
  <testcase classname="api.test.DataDrivenTesting" name="dataDrivenCreate_User" time="1.161"/>
  <testcase classname="api.test.DataDrivenTesting" name="dataDrivenCreate_User" time="1.144"/>
  <testcase classname="api.test.DataDrivenTesting" name="dataDrivenCreate_User" time="1.114"/>
  <testcase classname="api.test.DataDrivenTesting" name="dataDrivenCreate_User" time="1.118"/>
</testsuite> <!-- Default test -->
