<?xml version="1.0" encoding="UTF-8"?>
<testng-results ignored="0" total="11" passed="11" failed="0" skipped="0">
  <reporter-output>
  </reporter-output>
  <suite started-at="2023-08-26T20:02:56 IST" name="Suite" finished-at="2023-08-26T20:03:16 IST" duration-ms="19785">
    <groups>
    </groups>
    <test started-at="2023-08-26T20:02:56 IST" name="Test" finished-at="2023-08-26T20:03:16 IST" duration-ms="19785">
      <class name="api.test.UserTest">
        <test-method is-config="true" signature="userPayload()[pri:0, instance:api.test.UserTest@2ea227af]" started-at="2023-08-26T20:02:56 IST" name="userPayload" finished-at="2023-08-26T20:02:56 IST" duration-ms="281" status="PASS">
          <reporter-output>
          </reporter-output>
        </test-method> <!-- userPayload -->
        <test-method signature="createUser()[pri:0, instance:api.test.UserTest@2ea227af]" started-at="2023-08-26T20:02:56 IST" name="createUser" finished-at="2023-08-26T20:03:00 IST" duration-ms="3452" status="PASS">
          <reporter-output>
          </reporter-output>
        </test-method> <!-- createUser -->
        <test-method signature="getUser()[pri:1, instance:api.test.UserTest@2ea227af]" started-at="2023-08-26T20:03:00 IST" name="getUser" finished-at="2023-08-26T20:03:01 IST" duration-ms="1142" status="PASS">
          <reporter-output>
          </reporter-output>
        </test-method> <!-- getUser -->
        <test-method signature="upadteUser()[pri:2, instance:api.test.UserTest@2ea227af]" started-at="2023-08-26T20:03:01 IST" name="upadteUser" finished-at="2023-08-26T20:03:03 IST" duration-ms="2288" status="PASS">
          <reporter-output>
          </reporter-output>
        </test-method> <!-- upadteUser -->
        <test-method signature="deleteUser()[pri:3, instance:api.test.UserTest@2ea227af]" started-at="2023-08-26T20:03:03 IST" name="deleteUser" finished-at="2023-08-26T20:03:05 IST" duration-ms="1170" status="PASS">
          <reporter-output>
          </reporter-output>
        </test-method> <!-- deleteUser -->
      </class> <!-- api.test.UserTest -->
      <class name="api.test.DataDrivenTesting">
        <test-method signature="dataDrivenCreate_User(java.lang.String,java.lang.String,java.lang.String,java.lang.String,java.lang.String,java.lang.String,java.lang.String)[pri:0, instance:api.test.DataDrivenTesting@47d90b9e]" started-at="2023-08-26T20:03:08 IST" name="dataDrivenCreate_User" data-provider="Data" finished-at="2023-08-26T20:03:09 IST" duration-ms="1112" status="PASS">
          <params>
            <param index="0">
              <value>
                <![CDATA[1010]]>
              </value>
            </param>
            <param index="1">
              <value>
                <![CDATA[testuser1]]>
              </value>
            </param>
            <param index="2">
              <value>
                <![CDATA[john]]>
              </value>
            </param>
            <param index="3">
              <value>
                <![CDATA[canedy]]>
              </value>
            </param>
            <param index="4">
              <value>
                <![CDATA[a@gmail.com]]>
              </value>
            </param>
            <param index="5">
              <value>
                <![CDATA[test@1]]>
              </value>
            </param>
            <param index="6">
              <value>
                <![CDATA[12345678]]>
              </value>
            </param>
          </params>
          <reporter-output>
          </reporter-output>
        </test-method> <!-- dataDrivenCreate_User -->
        <test-method signature="dataDrivenCreate_User(java.lang.String,java.lang.String,java.lang.String,java.lang.String,java.lang.String,java.lang.String,java.lang.String)[pri:0, instance:api.test.DataDrivenTesting@47d90b9e]" started-at="2023-08-26T20:03:09 IST" name="dataDrivenCreate_User" data-provider="Data" finished-at="2023-08-26T20:03:10 IST" duration-ms="1215" status="PASS">
          <params>
            <param index="0">
              <value>
                <![CDATA[1020]]>
              </value>
            </param>
            <param index="1">
              <value>
                <![CDATA[testuser2]]>
              </value>
            </param>
            <param index="2">
              <value>
                <![CDATA[kim]]>
              </value>
            </param>
            <param index="3">
              <value>
                <![CDATA[kom]]>
              </value>
            </param>
            <param index="4">
              <value>
                <![CDATA[b@gmail.com]]>
              </value>
            </param>
            <param index="5">
              <value>
                <![CDATA[test@2]]>
              </value>
            </param>
            <param index="6">
              <value>
                <![CDATA[45673234]]>
              </value>
            </param>
          </params>
          <reporter-output>
          </reporter-output>
        </test-method> <!-- dataDrivenCreate_User -->
        <test-method signature="dataDrivenCreate_User(java.lang.String,java.lang.String,java.lang.String,java.lang.String,java.lang.String,java.lang.String,java.lang.String)[pri:0, instance:api.test.DataDrivenTesting@47d90b9e]" started-at="2023-08-26T20:03:10 IST" name="dataDrivenCreate_User" data-provider="Data" finished-at="2023-08-26T20:03:11 IST" duration-ms="1150" status="PASS">
          <params>
            <param index="0">
              <value>
                <![CDATA[1030]]>
              </value>
            </param>
            <param index="1">
              <value>
                <![CDATA[testuser3]]>
              </value>
            </param>
            <param index="2">
              <value>
                <![CDATA[smith]]>
              </value>
            </param>
            <param index="3">
              <value>
                <![CDATA[steve]]>
              </value>
            </param>
            <param index="4">
              <value>
                <![CDATA[c@gmail.com]]>
              </value>
            </param>
            <param index="5">
              <value>
                <![CDATA[test@3]]>
              </value>
            </param>
            <param index="6">
              <value>
                <![CDATA[86869798]]>
              </value>
            </param>
          </params>
          <reporter-output>
          </reporter-output>
        </test-method> <!-- dataDrivenCreate_User -->
        <test-method signature="dataDrivenCreate_User(java.lang.String,java.lang.String,java.lang.String,java.lang.String,java.lang.String,java.lang.String,java.lang.String)[pri:0, instance:api.test.DataDrivenTesting@47d90b9e]" started-at="2023-08-26T20:03:11 IST" name="dataDrivenCreate_User" data-provider="Data" finished-at="2023-08-26T20:03:12 IST" duration-ms="1198" status="PASS">
          <params>
            <param index="0">
              <value>
                <![CDATA[1040]]>
              </value>
            </param>
            <param index="1">
              <value>
                <![CDATA[testuser4]]>
              </value>
            </param>
            <param index="2">
              <value>
                <![CDATA[sunny]]>
              </value>
            </param>
            <param index="3">
              <value>
                <![CDATA[jane]]>
              </value>
            </param>
            <param index="4">
              <value>
                <![CDATA[d@gmail.com]]>
              </value>
            </param>
            <param index="5">
              <value>
                <![CDATA[test@4]]>
              </value>
            </param>
            <param index="6">
              <value>
                <![CDATA[67565434]]>
              </value>
            </param>
          </params>
          <reporter-output>
          </reporter-output>
        </test-method> <!-- dataDrivenCreate_User -->
        <test-method signature="dataDrivenCreate_User(java.lang.String,java.lang.String,java.lang.String,java.lang.String,java.lang.String,java.lang.String,java.lang.String)[pri:0, instance:api.test.DataDrivenTesting@47d90b9e]" started-at="2023-08-26T20:03:12 IST" name="dataDrivenCreate_User" data-provider="Data" finished-at="2023-08-26T20:03:13 IST" duration-ms="1102" status="PASS">
          <params>
            <param index="0">
              <value>
                <![CDATA[1050]]>
              </value>
            </param>
            <param index="1">
              <value>
                <![CDATA[testuser5]]>
              </value>
            </param>
            <param index="2">
              <value>
                <![CDATA[ moni]]>
              </value>
            </param>
            <param index="3">
              <value>
                <![CDATA[roy]]>
              </value>
            </param>
            <param index="4">
              <value>
                <![CDATA[e@gmail.com]]>
              </value>
            </param>
            <param index="5">
              <value>
                <![CDATA[test@5]]>
              </value>
            </param>
            <param index="6">
              <value>
                <![CDATA[67543287]]>
              </value>
            </param>
          </params>
          <reporter-output>
          </reporter-output>
        </test-method> <!-- dataDrivenCreate_User -->
        <test-method signature="dataDrivenCreate_User(java.lang.String,java.lang.String,java.lang.String,java.lang.String,java.lang.String,java.lang.String,java.lang.String)[pri:0, instance:api.test.DataDrivenTesting@47d90b9e]" started-at="2023-08-26T20:03:13 IST" name="dataDrivenCreate_User" data-provider="Data" finished-at="2023-08-26T20:03:14 IST" duration-ms="1106" status="PASS">
          <params>
            <param index="0">
              <value>
                <![CDATA[1060]]>
              </value>
            </param>
            <param index="1">
              <value>
                <![CDATA[testuser6]]>
              </value>
            </param>
            <param index="2">
              <value>
                <![CDATA[seema]]>
              </value>
            </param>
            <param index="3">
              <value>
                <![CDATA[ritu]]>
              </value>
            </param>
            <param index="4">
              <value>
                <![CDATA[f@gmail.com]]>
              </value>
            </param>
            <param index="5">
              <value>
                <![CDATA[test@6]]>
              </value>
            </param>
            <param index="6">
              <value>
                <![CDATA[67548989]]>
              </value>
            </param>
          </params>
          <reporter-output>
          </reporter-output>
        </test-method> <!-- dataDrivenCreate_User -->
        <test-method signature="dataDrivenCreate_User(java.lang.String,java.lang.String,java.lang.String,java.lang.String,java.lang.String,java.lang.String,java.lang.String)[pri:0, instance:api.test.DataDrivenTesting@47d90b9e]" started-at="2023-08-26T20:03:14 IST" name="dataDrivenCreate_User" data-provider="Data" finished-at="2023-08-26T20:03:16 IST" duration-ms="1229" status="PASS">
          <params>
            <param index="0">
              <value>
                <![CDATA[1070]]>
              </value>
            </param>
            <param index="1">
              <value>
                <![CDATA[testuser7]]>
              </value>
            </param>
            <param index="2">
              <value>
                <![CDATA[rena]]>
              </value>
            </param>
            <param index="3">
              <value>
                <![CDATA[suni]]>
              </value>
            </param>
            <param index="4">
              <value>
                <![CDATA[g@gmail.com]]>
              </value>
            </param>
            <param index="5">
              <value>
                <![CDATA[test@7]]>
              </value>
            </param>
            <param index="6">
              <value>
                <![CDATA[56878934]]>
              </value>
            </param>
          </params>
          <reporter-output>
          </reporter-output>
        </test-method> <!-- dataDrivenCreate_User -->
      </class> <!-- api.test.DataDrivenTesting -->
    </test> <!-- Test -->
  </suite> <!-- Suite -->
</testng-results>
