<?xml version="1.0" encoding="UTF-8"?>
<!-- Generated by org.testng.reporters.JUnitXMLReporter -->
<testsuite ignored="0" hostname="amaresh" failures="0" tests="11" name="Test" time="19.446" errors="0" timestamp="2023-08-24T22:40:22 IST">
  <testcase classname="api.test.UserTest" name="createUser" time="3.184"/>
  <testcase classname="api.test.UserTest" name="getUser" time="1.125"/>
  <testcase classname="api.test.UserTest" name="upadteUser" time="2.302"/>
  <testcase classname="api.test.UserTest" name="deleteUser" time="1.494"/>
  <testcase classname="api.test.DataDrivenTesting" name="dataDrivenCreate_User" time="1.147"/>
  <testcase classname="api.test.DataDrivenTesting" name="dataDrivenCreate_User" time="1.498"/>
  <testcase classname="api.test.DataDrivenTesting" name="dataDrivenCreate_User" time="1.126"/>
  <testcase classname="api.test.DataDrivenTesting" name="dataDrivenCreate_User" time="1.134"/>
  <testcase classname="api.test.DataDrivenTesting" name="dataDrivenCreate_User" time="1.145"/>
  <testcase classname="api.test.DataDrivenTesting" name="dataDrivenCreate_User" time="1.519"/>
  <testcase classname="api.test.DataDrivenTesting" name="dataDrivenCreate_User" time="1.127"/>
</testsuite> <!-- Test -->
